Arguments: 
  /home/max/.nvm/versions/node/v18.12.1/bin/node /home/max/.nvm/versions/node/v18.12.1/bin/yarn build --watch

PATH: 
  /home/max/.rbenv/versions/3.2.0/bin:/home/max/.rbenv/libexec:/home/max/.rbenv/plugins/ruby-build/bin:/home/max/.nvm/versions/node/v18.12.1/bin:/home/max/.rbenv/shims:/home/max/.rbenv/bin:/usr/local/sbin:/usr/local/bin:/usr/sbin:/usr/bin:/sbin:/bin:/usr/games:/usr/local/games:/snap/bin

Yarn version: 
  1.22.19

Node version: 
  18.12.1

Platform: 
  linux x64

Trace: 
  SyntaxError: /home/max/rails/coffee_chat/package.json: Unexpected string in JSON at position 472
      at JSON.parse (<anonymous>)
      at /home/max/.nvm/versions/node/v18.12.1/lib/node_modules/yarn/lib/cli.js:1629:59
      at Generator.next (<anonymous>)
      at step (/home/max/.nvm/versions/node/v18.12.1/lib/node_modules/yarn/lib/cli.js:310:30)
      at /home/max/.nvm/versions/node/v18.12.1/lib/node_modules/yarn/lib/cli.js:321:13

npm manifest: 
  {
    "name": "app",
    "private": "true",
    "dependencies": {
      "@hotwired/stimulus": "^3.2.1",
      "@hotwired/turbo-rails": "^7.2.4",
      "esbuild": "^0.16.10",
      "react": "^18.2.0",
      "react-dom": "^18.2.0",
      "react-multi-select-component": "^4.3.4",
      "react-router": "^6.6.1",
      "react-router-dom": "^6.6.1"
    },
    "scripts": {
      "build": "esbuild app/javascript/*.* --bundle --sourcemap --outdir=app/assets/builds --public-path=assets --loader:.jpg=file""
    }
  }

yarn manifest: 
  No manifest

Lockfile: 
  # THIS IS AN AUTOGENERATED FILE. DO NOT EDIT THIS FILE DIRECTLY.
  # yarn lockfile v1
  
  
  "@esbuild/linux-x64@0.16.10":
    "integrity" "sha512-61lcjVC/RldNNMUzQQdyCWjCxp9YLEQgIxErxU9XluX7juBdGKb0pvddS0vPNuCvotRbzijZ1pzII+26haWzbA=="
    "resolved" "https://registry.npmjs.org/@esbuild/linux-x64/-/linux-x64-0.16.10.tgz"
    "version" "0.16.10"
  
  "@hotwired/stimulus@^3.2.1":
    "integrity" "sha512-HGlzDcf9vv/EQrMJ5ZG6VWNs8Z/xMN+1o2OhV1gKiSG6CqZt5MCBB1gRg5ILiN3U0jEAxuDTNPRfBcnZBDmupQ=="
    "resolved" "https://registry.npmjs.org/@hotwired/stimulus/-/stimulus-3.2.1.tgz"
    "version" "3.2.1"
  
  "@hotwired/turbo-rails@^7.2.4":
    "integrity" "sha512-givDUQqaccd19BvErz1Cf2j6MXF74m0G6I75oqFJGeXAa7vwkz9nDplefVNrALCR9Xi9j9gy32xmSI6wD0tZyA=="
    "resolved" "https://registry.npmjs.org/@hotwired/turbo-rails/-/turbo-rails-7.2.4.tgz"
    "version" "7.2.4"
    dependencies:
      "@hotwired/turbo" "^7.2.4"
      "@rails/actioncable" "^7.0"
  
  "@hotwired/turbo@^7.2.4":
    "integrity" "sha512-c3xlOroHp/cCZHDOuLp6uzQYEbvXBUVaal0puXoGJ9M8L/KHwZ3hQozD4dVeSN9msHWLxxtmPT1TlCN7gFhj4w=="
    "resolved" "https://registry.npmjs.org/@hotwired/turbo/-/turbo-7.2.4.tgz"
    "version" "7.2.4"
  
  "@rails/actioncable@^7.0":
    "integrity" "sha512-tz4oM+Zn9CYsvtyicsa/AwzKZKL+ITHWkhiu7x+xF77clh2b4Rm+s6xnOgY/sGDWoFWZmtKsE95hxBPkgQQNnQ=="
    "resolved" "https://registry.npmjs.org/@rails/actioncable/-/actioncable-7.0.4.tgz"
    "version" "7.0.4"
  
  "@remix-run/router@1.2.1":
    "integrity" "sha512-XiY0IsyHR+DXYS5vBxpoBe/8veTeoRpMHP+vDosLZxL5bnpetzI0igkxkLZS235ldLzyfkxF+2divEwWHP3vMQ=="
    "resolved" "https://registry.npmjs.org/@remix-run/router/-/router-1.2.1.tgz"
    "version" "1.2.1"
  
  "esbuild@^0.16.10":
    "integrity" "sha512-z5dIViHoVnw2l+NCJ3zj5behdXjYvXne9gL18OOivCadXDUhyDkeSvEtLcGVAJW2fNmh33TDUpsi704XYlDodw=="
    "resolved" "https://registry.npmjs.org/esbuild/-/esbuild-0.16.10.tgz"
    "version" "0.16.10"
    optionalDependencies:
      "@esbuild/android-arm" "0.16.10"
      "@esbuild/android-arm64" "0.16.10"
      "@esbuild/android-x64" "0.16.10"
      "@esbuild/darwin-arm64" "0.16.10"
      "@esbuild/darwin-x64" "0.16.10"
      "@esbuild/freebsd-arm64" "0.16.10"
      "@esbuild/freebsd-x64" "0.16.10"
      "@esbuild/linux-arm" "0.16.10"
      "@esbuild/linux-arm64" "0.16.10"
      "@esbuild/linux-ia32" "0.16.10"
      "@esbuild/linux-loong64" "0.16.10"
      "@esbuild/linux-mips64el" "0.16.10"
      "@esbuild/linux-ppc64" "0.16.10"
      "@esbuild/linux-riscv64" "0.16.10"
      "@esbuild/linux-s390x" "0.16.10"
      "@esbuild/linux-x64" "0.16.10"
      "@esbuild/netbsd-x64" "0.16.10"
      "@esbuild/openbsd-x64" "0.16.10"
      "@esbuild/sunos-x64" "0.16.10"
      "@esbuild/win32-arm64" "0.16.10"
      "@esbuild/win32-ia32" "0.16.10"
      "@esbuild/win32-x64" "0.16.10"
  
  "js-tokens@^3.0.0 || ^4.0.0":
    "integrity" "sha512-RdJUflcE3cUzKiMqQgsCu06FPu9UdIJO0beYbPhHN4k6apgJtifcoCtT9bcxOpYBtpD2kCM6Sbzg4CausW/PKQ=="
    "resolved" "https://registry.npmjs.org/js-tokens/-/js-tokens-4.0.0.tgz"
    "version" "4.0.0"
  
  "loose-envify@^1.1.0":
    "integrity" "sha512-lyuxPGr/Wfhrlem2CL/UcnUc1zcqKAImBDzukY7Y5F/yQiNdko6+fRLevlw1HgMySw7f611UIY408EtxRSoK3Q=="
    "resolved" "https://registry.npmjs.org/loose-envify/-/loose-envify-1.4.0.tgz"
    "version" "1.4.0"
    dependencies:
      "js-tokens" "^3.0.0 || ^4.0.0"
  
  "react-dom@^16 || ^17 || ^18", "react-dom@^18.2.0", "react-dom@>=16.8":
    "integrity" "sha512-6IMTriUmvsjHUjNtEDudZfuDQUoWXVxKHhlEGSk81n4YFS+r/Kl99wXiwlVXtPBtJenozv2P+hxDsw9eA7Xo6g=="
    "resolved" "https://registry.npmjs.org/react-dom/-/react-dom-18.2.0.tgz"
    "version" "18.2.0"
    dependencies:
      "loose-envify" "^1.1.0"
      "scheduler" "^0.23.0"
  
  "react-multi-select-component@^4.3.4":
    "integrity" "sha512-Ui/bzCbROF4WfKq3OKWyQJHmy/bd1mW7CQM+L83TfiltuVvHElhKEyPM3JzO9urIcWplBUKv+kyxqmEnd9jPcA=="
    "resolved" "https://registry.npmjs.org/react-multi-select-component/-/react-multi-select-component-4.3.4.tgz"
    "version" "4.3.4"
  
  "react-router-dom@^6.6.1":
    "integrity" "sha512-u+8BKUtelStKbZD5UcY0NY90WOzktrkJJhyhNg7L0APn9t1qJNLowzrM9CHdpB6+rcPt6qQrlkIXsTvhuXP68g=="
    "resolved" "https://registry.npmjs.org/react-router-dom/-/react-router-dom-6.6.1.tgz"
    "version" "6.6.1"
    dependencies:
      "@remix-run/router" "1.2.1"
      "react-router" "6.6.1"
  
  "react-router@^6.6.1", "react-router@6.6.1":
    "integrity" "sha512-YkvlYRusnI/IN0kDtosUCgxqHeulN5je+ew8W+iA1VvFhf86kA+JEI/X/8NqYcr11hCDDp906S+SGMpBheNeYQ=="
    "resolved" "https://registry.npmjs.org/react-router/-/react-router-6.6.1.tgz"
    "version" "6.6.1"
    dependencies:
      "@remix-run/router" "1.2.1"
  
  "react@^16 || ^17 || ^18", "react@^18.2.0", "react@>=16.8":
    "integrity" "sha512-/3IjMdb2L9QbBdWiW5e3P2/npwMBaU9mHCSCUzNln0ZCYbcfTsGbTJrU/kGemdH2IWmB2ioZ+zkxtmq6g09fGQ=="
    "resolved" "https://registry.npmjs.org/react/-/react-18.2.0.tgz"
    "version" "18.2.0"
    dependencies:
      "loose-envify" "^1.1.0"
  
  "scheduler@^0.23.0":
    "integrity" "sha512-CtuThmgHNg7zIZWAXi3AsyIzA3n4xx7aNyjwC2VJldO2LMVDhFK+63xGqq6CsJH4rTAt6/M+N4GhZiDYPx9eUw=="
    "resolved" "https://registry.npmjs.org/scheduler/-/scheduler-0.23.0.tgz"
    "version" "0.23.0"
    dependencies:
      "loose-envify" "^1.1.0"
